---------------------------------------------
Log E:\2024 Projects\DayZ Projects\DayZ-Project-Template\Servers\Others\Empty\Profiles\script_2024-04-06_20-09-32.log started at 06.04. 20:09:32

SCRIPT       : Registered 334 temporary action enum(s), UAN==334
SCRIPT       : ... Backlit Effects Enabled
SCRIPT       : string s =    'Module PluginConfigDebugProfile is not Registred in PluginManager.c!'
SCRIPT    (E):    -- Stack trace --
SCRIPT    (E):    GetPlugin() scripts/4_World/plugins\pluginmanager.c : 330
SCRIPT    (E):    OnInit() scripts/4_World/plugins\pluginbase\pluginitemdiagnostic.c : 104
SCRIPT    (E):    PluginsInit() scripts/4_World/plugins\pluginmanager.c : 126
SCRIPT    (E):    PluginManagerInit() scripts/4_World/plugins\pluginmanager.c : 293
SCRIPT    (E):    MissionBase@195#1() scripts/5_Mission/mission\missionbase.c : 19
SCRIPT    (E):    CreateCustomMission() E:\2024 Projects\DayZ Projects\DayZ-Project-Template\Missions\Custom\empty.fenix_emptiness\init.c : 87
SCRIPT    (E):    -----------------
SCRIPT       : ---- PlayerBase OnStoreLoad SUCCESS ----
SCRIPT       : Is player selected? false
SCRIPT       : Is OnSelectPlayer temporarily disabled? false
SCRIPT       : 04-06 20:10:21 | Server | Debug | Connect | n/a | n/a | InvokeOnConnect:CustomMission<9e80fde0>
SCRIPT       : 04-06 20:10:21 | Server | Debug | Connect | n/a | n/a | Player connected:SurvivorBase<c55e71a0>
SCRIPT       : [DF][DEBUG][EventManager]: Sending In Progress info to SurvivorBase<c55e71a0>
SCRIPT       : [Logout]: New player flFK7sJJZc_jyUehTQ7EuyYMjKKFuxLeq80MiKOlHTY= with logout time 15
SCRIPT       : ~DayZGame()
